<?xml version="1.0" encoding="UTF-8"?>
<!-- Generated by org.testng.reporters.JUnitXMLReporter -->
<testsuite ignored="0" hostname="DESKTOP-AAF5KVV" failures="0" tests="4" name="Test" time="82.587" errors="0" timestamp="2022-10-11T15:22:10 IST">
  <testcase classname="Academy.validateNavigationBar" name="validateAppNavBar" time="2.195"/>
  <testcase classname="Academy.HomePage" name="basePageNavigation" time="26.331"/>
  <testcase classname="Academy.HomePage" name="basePageNavigation" time="14.567"/>
  <testcase classname="Academy.validateTitle" name="validateAppTitle" time="2.666"/>
</testsuite> <!-- Test -->
