<?xml version="1.0" encoding="UTF-8"?>
<testng-results ignored="0" total="4" passed="4" failed="0" skipped="0">
  <reporter-output>
  </reporter-output>
  <suite started-at="2022-10-11T15:20:48 IST" name="Suite" finished-at="2022-10-11T15:22:10 IST" duration-ms="82587">
    <groups>
    </groups>
    <test started-at="2022-10-11T15:20:48 IST" name="Test" finished-at="2022-10-11T15:22:10 IST" duration-ms="82587">
      <class name="Academy.validateTitle">
        <test-method is-config="true" signature="initialize()[pri:0, instance:Academy.validateTitle@56b78e55]" started-at="2022-10-11T15:21:04 IST" name="initialize" finished-at="2022-10-11T15:21:15 IST" duration-ms="10118" status="PASS">
          <reporter-output>
          </reporter-output>
        </test-method> <!-- initialize -->
        <test-method signature="validateAppTitle()[pri:0, instance:Academy.validateTitle@56b78e55]" started-at="2022-10-11T15:21:58 IST" name="validateAppTitle" finished-at="2022-10-11T15:22:00 IST" duration-ms="2666" status="PASS">
          <reporter-output>
          </reporter-output>
        </test-method> <!-- validateAppTitle -->
        <test-method is-config="true" signature="teardown()[pri:0, instance:Academy.validateTitle@56b78e55]" started-at="2022-10-11T15:22:07 IST" name="teardown" finished-at="2022-10-11T15:22:10 IST" duration-ms="3208" status="PASS">
          <reporter-output>
          </reporter-output>
        </test-method> <!-- teardown -->
      </class> <!-- Academy.validateTitle -->
      <class name="Academy.HomePage">
        <test-method is-config="true" signature="initialize()[pri:0, instance:Academy.HomePage@2f66e802]" started-at="2022-10-11T15:20:48 IST" name="initialize" finished-at="2022-10-11T15:20:52 IST" duration-ms="3811" status="PASS">
          <reporter-output>
          </reporter-output>
        </test-method> <!-- initialize -->
        <test-method signature="basePageNavigation(java.lang.String, java.lang.String, java.lang.String)[pri:0, instance:Academy.HomePage@2f66e802]" started-at="2022-10-11T15:21:17 IST" name="basePageNavigation" data-provider="getData" finished-at="2022-10-11T15:21:43 IST" duration-ms="26331" status="PASS">
          <params>
            <param index="0">
              <value>
                <![CDATA[nonrestricteduser@qw.com]]>
              </value>
            </param>
            <param index="1">
              <value>
                <![CDATA[123456]]>
              </value>
            </param>
            <param index="2">
              <value>
                <![CDATA[Restrcited User]]>
              </value>
            </param>
          </params>
          <reporter-output>
          </reporter-output>
        </test-method> <!-- basePageNavigation -->
        <test-method signature="basePageNavigation(java.lang.String, java.lang.String, java.lang.String)[pri:0, instance:Academy.HomePage@2f66e802]" started-at="2022-10-11T15:21:43 IST" name="basePageNavigation" data-provider="getData" finished-at="2022-10-11T15:21:58 IST" duration-ms="14567" status="PASS">
          <params>
            <param index="0">
              <value>
                <![CDATA[restricteduser@qw.com]]>
              </value>
            </param>
            <param index="1">
              <value>
                <![CDATA[456788]]>
              </value>
            </param>
            <param index="2">
              <value>
                <![CDATA[Non restricted user]]>
              </value>
            </param>
          </params>
          <reporter-output>
          </reporter-output>
        </test-method> <!-- basePageNavigation -->
        <test-method is-config="true" signature="teardown()[pri:0, instance:Academy.HomePage@2f66e802]" started-at="2022-10-11T15:22:01 IST" name="teardown" finished-at="2022-10-11T15:22:06 IST" duration-ms="5109" status="PASS">
          <reporter-output>
          </reporter-output>
        </test-method> <!-- teardown -->
      </class> <!-- Academy.HomePage -->
      <class name="Academy.validateNavigationBar">
        <test-method is-config="true" signature="initialize()[pri:0, instance:Academy.validateNavigationBar@1b58ff9e]" started-at="2022-10-11T15:20:52 IST" name="initialize" finished-at="2022-10-11T15:21:04 IST" duration-ms="12911" status="PASS">
          <reporter-output>
          </reporter-output>
        </test-method> <!-- initialize -->
        <test-method signature="validateAppNavBar()[pri:0, instance:Academy.validateNavigationBar@1b58ff9e]" started-at="2022-10-11T15:21:15 IST" name="validateAppNavBar" finished-at="2022-10-11T15:21:17 IST" duration-ms="2195" status="PASS">
          <reporter-output>
          </reporter-output>
        </test-method> <!-- validateAppNavBar -->
        <test-method is-config="true" signature="teardown()[pri:0, instance:Academy.validateNavigationBar@1b58ff9e]" started-at="2022-10-11T15:22:06 IST" name="teardown" finished-at="2022-10-11T15:22:07 IST" duration-ms="1520" status="PASS">
          <reporter-output>
          </reporter-output>
        </test-method> <!-- teardown -->
      </class> <!-- Academy.validateNavigationBar -->
    </test> <!-- Test -->
  </suite> <!-- Suite -->
</testng-results>
